<?xml version="1.0" encoding="UTF-8"?>
<testsuite name="xyz.sinny.tianqi.dao.impl.TianQiDaoImplTest" tests="1" skipped="0" failures="0" errors="0" timestamp="2023-05-16T09:13:09" hostname="LAPTOP-SLang" time="0.697">
  <properties/>
  <testcase name="queryCountyByTianQi()" classname="xyz.sinny.tianqi.dao.impl.TianQiDaoImplTest" time="0.697"/>
  <system-out><![CDATA[TianQi{county='济南市', date=2023-01-28, dayWthr='CLOUDY', dayTmp='null', nightWthr='NULL', nightTmp='null', windPwr='NULL', windDrct='NULL'}

xyz.sinny.tianqi.bean.TianQiConstraintCondition@2e36f43d
TianQi{county='济南市', date=2023-01-28, dayWthr='CLOUDY', dayTmp='null', nightWthr='NULL', nightTmp='null', windPwr='NULL', windDrct='NULL'}

xyz.sinny.tianqi.bean.TianQiConstraintCondition@3017f478
SELECT county, count(county) as "count" FROM t_weather WHERE (( 
(date <= "2023-01-28" AND dayWthr = "多云")
 OR 
(date = "2023-01-28" AND dayWthr = "多云")
)) GROUP BY county
[CountyAndCount{County='历城区', count=4}
, CountyAndCount{County='大同区', count=3}
, CountyAndCount{County='朝阳区', count=1}
]
]]></system-out>
  <system-err><![CDATA[]]></system-err>
</testsuite>
