<?xml version="1.0" encoding="UTF-8"?>
<testsuite name="xyz.sinny.tianqi.dao.impl.TianQiDaoImplTest" tests="1" skipped="0" failures="0" errors="0" timestamp="2023-02-20T09:10:17" hostname="LAPTOP-SLang" time="0.739">
  <properties/>
  <testcase name="queryCountyByTianQi()" classname="xyz.sinny.tianqi.dao.impl.TianQiDaoImplTest" time="0.739"/>
  <system-out><![CDATA[TianQi{county='济南市', date=2023-01-28, dayWthr='多云', dayTmp='null', nightWthr='null', nightTmp='null', windPwr='null', windDrct='null'}

xyz.sinny.tianqi.bean.TianQiConstraintCondition@3c139950
TianQi{county='济南市', date=2023-01-28, dayWthr='多云', dayTmp='null', nightWthr='null', nightTmp='null', windPwr='null', windDrct='null'}

xyz.sinny.tianqi.bean.TianQiConstraintCondition@3f96e750
SELECT county, count(county) as "count" FROM t_weather WHERE (( 
(date <= "2023-01-28" AND dayWthr = "多云")
 OR 
(date = "2023-01-28" AND dayWthr = "多云")
)) GROUP BY county
[CountyAndCount{County='历城区', count=4}
, CountyAndCount{County='大同区', count=3}
, CountyAndCount{County='朝阳区', count=1}
]
]]></system-out>
  <system-err><![CDATA[]]></system-err>
</testsuite>
