<?xml version="1.0" encoding="UTF-8"?>
<testsuite name="xyz.sinny.tianqi.SmokeTest" tests="1" skipped="0" failures="0" errors="0" timestamp="2023-01-31T05:23:42" hostname="LAPTOP-SLang" time="0.02">
  <properties/>
  <testcase name="one_add_one_should_equal_two()" classname="xyz.sinny.tianqi.SmokeTest" time="0.02"/>
  <system-out><![CDATA[]]></system-out>
  <system-err><![CDATA[]]></system-err>
</testsuite>
